<?xml version="1.0" encoding="UTF-8"?>
<testsuite name="de.bertelsmann.client.rest.kasse20.tc504.J504_TestPointBalance_unbekannteKartennummer" tests="1" skipped="0" failures="0" errors="0" timestamp="2025-03-04T17:16:47" hostname="EISMANN" time="1.378">
  <properties/>
  <testcase name="testUnbekannteKartennummer" classname="de.bertelsmann.client.rest.kasse20.tc504.J504_TestPointBalance_unbekannteKartennummer" time="1.378">
    <system-out><![CDATA[initializing... (initContext)class de.bertelsmann.client.rest.kasse20.tc504.J504_TestPointBalance_unbekannteKartennummer
initializing... (SetupOnce)class de.bertelsmann.client.rest.kasse20.tc504.J504_TestPointBalance_unbekannteKartennummer
initializing... (initContext)class de.bertelsmann.client.rest.kasse20.tc504.J504_TestPointBalance_unbekannteKartennummer
]]></system-out>
    <system-err><![CDATA[Mär 04, 2025 6:16:48 PM org.glassfish.jersey.test.inmemory.InMemoryTestContainerFactory$InMemoryTestContainer <init>
INFORMATION: Creating InMemoryTestContainer configured at the base URI http://localhost:9998/
]]></system-err>
  </testcase>
  <system-out><![CDATA[]]></system-out>
  <system-err><![CDATA[]]></system-err>
</testsuite>
