<?xml version="1.0" encoding="UTF-8"?>
<testsuite name="de.bertelsmann.client.rest.kasse20.tc520.J520_OnlineKaufvormerkungVerarbeiten" tests="4" skipped="0" failures="0" errors="0" timestamp="2025-03-04T17:17:16" hostname="EISMANN" time="1.809">
  <properties/>
  <testcase name="testAnnouncePurchasesError" classname="de.bertelsmann.client.rest.kasse20.tc520.J520_OnlineKaufvormerkungVerarbeiten" time="1.603">
    <system-out><![CDATA[initializing... (initContext)class de.bertelsmann.client.rest.kasse20.tc520.J520_OnlineKaufvormerkungVerarbeiten
initializing... (SetupOnce)class de.bertelsmann.client.rest.kasse20.tc520.J520_OnlineKaufvormerkungVerarbeiten
initializing... (initContext)class de.bertelsmann.client.rest.kasse20.tc520.J520_OnlineKaufvormerkungVerarbeiten
]]></system-out>
    <system-err><![CDATA[Mär 04, 2025 6:17:17 PM org.glassfish.jersey.test.inmemory.InMemoryTestContainerFactory$InMemoryTestContainer <init>
INFORMATION: Creating InMemoryTestContainer configured at the base URI http://localhost:9998/
]]></system-err>
  </testcase>
  <testcase name="testAnnouncePurchaseInvalidRequest" classname="de.bertelsmann.client.rest.kasse20.tc520.J520_OnlineKaufvormerkungVerarbeiten" time="0.107"/>
  <testcase name="testInvalidToken" classname="de.bertelsmann.client.rest.kasse20.tc520.J520_OnlineKaufvormerkungVerarbeiten" time="0.032">
    <system-out><![CDATA[ERROR #1741108637846
ERROR #1741108637847
ERROR #1741108637847
ERROR #1741108637847
]]></system-out>
  </testcase>
  <testcase name="testAnnouncePurchasesSuccess" classname="de.bertelsmann.client.rest.kasse20.tc520.J520_OnlineKaufvormerkungVerarbeiten" time="0.067"/>
  <system-out><![CDATA[]]></system-out>
  <system-err><![CDATA[]]></system-err>
</testsuite>
