<?xml version="1.0" encoding="UTF-8"?>
<testsuite name="de.bertelsmann.client.rest.kasse20.tc502.J502_TestRedeemPointsNetto" tests="4" skipped="0" failures="0" errors="0" timestamp="2025-03-05T11:44:45" hostname="EISMANN" time="2.134">
  <properties/>
  <testcase name="testNettoAusserhalbErlaubtemRadius" classname="de.bertelsmann.client.rest.kasse20.tc502.J502_TestRedeemPointsNetto" time="1.711">
    <system-out><![CDATA[initializing... (initContext)class de.bertelsmann.client.rest.kasse20.tc502.J502_TestRedeemPointsNetto
initializing... (SetupOnce)class de.bertelsmann.client.rest.kasse20.tc502.J502_TestRedeemPointsNetto
initializing... (initContext)class de.bertelsmann.client.rest.kasse20.tc502.J502_TestRedeemPointsNetto
]]></system-out>
    <system-err><![CDATA[Mär 05, 2025 12:44:46 PM org.glassfish.jersey.test.inmemory.InMemoryTestContainerFactory$InMemoryTestContainer <init>
INFORMATION: Creating InMemoryTestContainer configured at the base URI http://localhost:9998/
]]></system-err>
  </testcase>
  <testcase name="testNettoHighposInnerhalbErlaubtemRadius" classname="de.bertelsmann.client.rest.kasse20.tc502.J502_TestRedeemPointsNetto" time="0.13"/>
  <testcase name="testNettoHighposAusserhalbErlaubtemRadius" classname="de.bertelsmann.client.rest.kasse20.tc502.J502_TestRedeemPointsNetto" time="0.16"/>
  <testcase name="testNettoInnerhalbErlaubtemRadius" classname="de.bertelsmann.client.rest.kasse20.tc502.J502_TestRedeemPointsNetto" time="0.133"/>
  <system-out><![CDATA[]]></system-out>
  <system-err><![CDATA[]]></system-err>
</testsuite>
