<?xml version="1.0" encoding="UTF-8"?>
<testsuite name="de.bertelsmann.client.rest.kasse20.tc500.J500_TestLoginSuccess" tests="6" skipped="0" failures="0" errors="0" timestamp="2025-03-05T11:43:31" hostname="EISMANN" time="33.958">
  <properties/>
  <testcase name="testLoginSuccess[keine Filiale + IR-Passwort]" classname="de.bertelsmann.client.rest.kasse20.tc500.J500_TestLoginSuccess" time="33.7">
    <system-out><![CDATA[initializing... (initContext)class de.bertelsmann.client.rest.kasse20.tc500.J500_TestLoginSuccess
initializing... (SetupOnce)class de.bertelsmann.client.rest.kasse20.tc500.J500_TestLoginSuccess
initializing... (initContext)class de.bertelsmann.client.rest.kasse20.tc500.J500_TestLoginSuccess
resource not found: SequenceEntity.properties
]]></system-out>
    <system-err><![CDATA[Mär 05, 2025 12:44:04 PM org.glassfish.jersey.test.inmemory.InMemoryTestContainerFactory$InMemoryTestContainer <init>
INFORMATION: Creating InMemoryTestContainer configured at the base URI http://localhost:9998/
]]></system-err>
  </testcase>
  <testcase name="testLoginSuccess[Filiale (mit Passwort) + POS-Passwort]" classname="de.bertelsmann.client.rest.kasse20.tc500.J500_TestLoginSuccess" time="0.056">
    <system-out><![CDATA[resource not found: OutletQuery.properties
resource not found: PartnerEntity.properties
]]></system-out>
  </testcase>
  <testcase name="testLoginSuccess[Filiale (ohne Passwort) + IR-Passwort]" classname="de.bertelsmann.client.rest.kasse20.tc500.J500_TestLoginSuccess" time="0.043"/>
  <testcase name="testLoginSuccess[keine Filiale + IR-Passwort, cachebasiert]" classname="de.bertelsmann.client.rest.kasse20.tc500.J500_TestLoginSuccess" time="0.065"/>
  <testcase name="testLoginSuccess[Filiale (mit Passwort) + POS-Passwort, cachebasiert]" classname="de.bertelsmann.client.rest.kasse20.tc500.J500_TestLoginSuccess" time="0.048"/>
  <testcase name="testLoginSuccess[Filiale (ohne Passwort) + IR-Passwort, cachebasiert]" classname="de.bertelsmann.client.rest.kasse20.tc500.J500_TestLoginSuccess" time="0.045"/>
  <system-out><![CDATA[]]></system-out>
  <system-err><![CDATA[]]></system-err>
</testsuite>
