<?xml version="1.0" encoding="UTF-8"?>
<testsuite name="de.bertelsmann.client.rest.kasse20.tc504.J504_TestPointBalance_unplausibleEingabeParameter" tests="5" skipped="0" failures="0" errors="0" timestamp="2025-03-04T17:16:53" hostname="EISMANN" time="1.503">
  <properties/>
  <testcase name="testUnplausibleEingabeparameter[TN]" classname="de.bertelsmann.client.rest.kasse20.tc504.J504_TestPointBalance_unplausibleEingabeParameter" time="1.395">
    <system-out><![CDATA[initializing... (initContext)class de.bertelsmann.client.rest.kasse20.tc504.J504_TestPointBalance_unplausibleEingabeParameter
initializing... (SetupOnce)class de.bertelsmann.client.rest.kasse20.tc504.J504_TestPointBalance_unplausibleEingabeParameter
initializing... (initContext)class de.bertelsmann.client.rest.kasse20.tc504.J504_TestPointBalance_unplausibleEingabeParameter
]]></system-out>
    <system-err><![CDATA[Mär 04, 2025 6:16:54 PM org.glassfish.jersey.test.inmemory.InMemoryTestContainerFactory$InMemoryTestContainer <init>
INFORMATION: Creating InMemoryTestContainer configured at the base URI http://localhost:9998/
]]></system-err>
  </testcase>
  <testcase name="testUnplausibleEingabeparameter[TN]" classname="de.bertelsmann.client.rest.kasse20.tc504.J504_TestPointBalance_unplausibleEingabeParameter" time="0.025"/>
  <testcase name="testUnplausibleEingabeparameter[T]" classname="de.bertelsmann.client.rest.kasse20.tc504.J504_TestPointBalance_unplausibleEingabeParameter" time="0.026"/>
  <testcase name="testUnplausibleEingabeparameter[TNN]" classname="de.bertelsmann.client.rest.kasse20.tc504.J504_TestPointBalance_unplausibleEingabeParameter" time="0.028"/>
  <testcase name="testUnplausibleEingabeparameter[XX]" classname="de.bertelsmann.client.rest.kasse20.tc504.J504_TestPointBalance_unplausibleEingabeParameter" time="0.029"/>
  <system-out><![CDATA[]]></system-out>
  <system-err><![CDATA[]]></system-err>
</testsuite>
