<?xml version="1.0" encoding="UTF-8"?>
<testsuite name="de.bertelsmann.client.rest.kasse20.tc522.J522_TestVormerkungsStorno" tests="3" skipped="0" failures="0" errors="0" timestamp="2025-03-04T17:17:19" hostname="EISMANN" time="2.49">
  <properties/>
  <testcase name="testTransaktionsIdUmbekannt" classname="de.bertelsmann.client.rest.kasse20.tc522.J522_TestVormerkungsStorno" time="2.315">
    <system-out><![CDATA[initializing... (initContext)class de.bertelsmann.client.rest.kasse20.tc522.J522_TestVormerkungsStorno
initializing... (SetupOnce)class de.bertelsmann.client.rest.kasse20.tc522.J522_TestVormerkungsStorno
initializing... (initContext)class de.bertelsmann.client.rest.kasse20.tc522.J522_TestVormerkungsStorno
]]></system-out>
    <system-err><![CDATA[Mär 04, 2025 6:17:21 PM org.glassfish.jersey.test.inmemory.InMemoryTestContainerFactory$InMemoryTestContainer <init>
INFORMATION: Creating InMemoryTestContainer configured at the base URI http://localhost:9998/
]]></system-err>
  </testcase>
  <testcase name="testStorniereBereitsBestaetigt" classname="de.bertelsmann.client.rest.kasse20.tc522.J522_TestVormerkungsStorno" time="0.079"/>
  <testcase name="testStorniereKaufvormerkungErfolg" classname="de.bertelsmann.client.rest.kasse20.tc522.J522_TestVormerkungsStorno" time="0.096"/>
  <system-out><![CDATA[]]></system-out>
  <system-err><![CDATA[]]></system-err>
</testsuite>
