<?xml version="1.0" encoding="UTF-8"?>
<testsuite name="de.bertelsmann.client.rest.kasse20.tc500.J500_TestLoginSuccess" tests="6" skipped="0" failures="0" errors="0" timestamp="2025-03-04T17:15:14" hostname="EISMANN" time="39.769">
  <properties/>
  <testcase name="testLoginSuccess[keine Filiale + IR-Passwort]" classname="de.bertelsmann.client.rest.kasse20.tc500.J500_TestLoginSuccess" time="39.528">
    <system-out><![CDATA[initializing... (initContext)class de.bertelsmann.client.rest.kasse20.tc500.J500_TestLoginSuccess
initializing... (SetupOnce)class de.bertelsmann.client.rest.kasse20.tc500.J500_TestLoginSuccess
initializing... (initContext)class de.bertelsmann.client.rest.kasse20.tc500.J500_TestLoginSuccess
resource not found: SequenceEntity.properties
]]></system-out>
    <system-err><![CDATA[com.zaxxer.hikari.pool.HikariPool$PoolInitializationException: Failed to initialize pool: Listener refused the connection with the following error:
ORA-12528, TNS:listener: all appropriate instances are blocking new connections
 
	at com.zaxxer.hikari.pool.HikariPool.throwPoolInitializationException(HikariPool.java:596)
	at com.zaxxer.hikari.pool.HikariPool.checkFailFast(HikariPool.java:582)
	at com.zaxxer.hikari.pool.HikariPool.<init>(HikariPool.java:115)
	at com.zaxxer.hikari.HikariDataSource.<init>(HikariDataSource.java:81)
	at cuba.wired.WiredDatasourceAdapter.createDataSource(WiredDatasourceAdapter.java:54)
	at cuba.wired.WiredDatasourceAdapter.<init>(WiredDatasourceAdapter.java:30)
	at cuba.wired.PrimitiveDataSourceProvider.getDataSource(PrimitiveDataSourceProvider.java:49)
	at cuba.wired.WiredContainer.getDataSource(WiredContainer.java:404)
	at cuba.wired.WiredContainer.getDataSource(WiredContainer.java:438)
	at cuba.wired.WiredClientContext.getDataSource(WiredClientContext.java:161)
	at de.bertelsmann.container.general.persistence.ResourceAccessorCUBA.getConnection(ResourceAccessorCUBA.java:72)
	at de.mathema.pride.Database.getConnection(Database.java:61)
	at de.mathema.pride.ConnectionAndStatement.<init>(ConnectionAndStatement.java:22)
	at de.mathema.pride.ConnectionAndStatement.<init>(ConnectionAndStatement.java:36)
	at de.mathema.pride.Database.sqlUpdate(Database.java:250)
	at de.mathema.pride.Database.sqlUpdate(Database.java:291)
	at de.bertelsmann.test.container.dbinit.internal.BSDBInit.execute(BSDBInit.java:27)
	at de.bertelsmann.test.container.dbinit.internal.BSDBInit$Proxy$_$$_WeldSubclass.execute$$super(Unknown Source)
	at sun.reflect.NativeMethodAccessorImpl.invoke0(Native Method)
	at sun.reflect.NativeMethodAccessorImpl.invoke(NativeMethodAccessorImpl.java:62)
	at sun.reflect.DelegatingMethodAccessorImpl.invoke(DelegatingMethodAccessorImpl.java:43)
	at java.lang.reflect.Method.invoke(Method.java:498)
	at org.jboss.weld.interceptor.proxy.TerminalAroundInvokeInvocationContext.proceedInternal(TerminalAroundInvokeInvocationContext.java:51)
	at org.jboss.weld.interceptor.proxy.AroundInvokeInvocationContext.proceed(AroundInvokeInvocationContext.java:78)
	at olscdi.transaction.OLSTransactionalInterceptor.aroundInvoke(OLSTransactionalInterceptor.java:92)
	at sun.reflect.NativeMethodAccessorImpl.invoke0(Native Method)
	at sun.reflect.NativeMethodAccessorImpl.invoke(NativeMethodAccessorImpl.java:62)
	at sun.reflect.DelegatingMethodAccessorImpl.invoke(DelegatingMethodAccessorImpl.java:43)
	at java.lang.reflect.Method.invoke(Method.java:498)
	at org.jboss.weld.interceptor.reader.SimpleInterceptorInvocation$SimpleMethodInvocation.invoke(SimpleInterceptorInvocation.java:73)
	at org.jboss.weld.interceptor.proxy.InterceptorMethodHandler.executeAroundInvoke(InterceptorMethodHandler.java:85)
	at org.jboss.weld.interceptor.proxy.InterceptorMethodHandler.executeInterception(InterceptorMethodHandler.java:73)
	at org.jboss.weld.interceptor.proxy.InterceptorMethodHandler.invoke(InterceptorMethodHandler.java:57)
	at org.jboss.weld.bean.proxy.CombinedInterceptorAndDecoratorStackMethodHandler.invoke(CombinedInterceptorAndDecoratorStackMethodHandler.java:79)
	at org.jboss.weld.bean.proxy.CombinedInterceptorAndDecoratorStackMethodHandler.invoke(CombinedInterceptorAndDecoratorStackMethodHandler.java:68)
	at de.bertelsmann.test.container.dbinit.internal.BSDBInit$Proxy$_$$_WeldSubclass.execute(Unknown Source)
	at de.bertelsmann.test.container.dbinit.internal.BSDBInit$Proxy$_$$_WeldClientProxy.execute(Unknown Source)
	at de.bertelsmann.test.junit.AbstractDMDTestCase.executeSQLStatement(AbstractDMDTestCase.java:173)
	at de.bertelsmann.test.junit.AbstractNektarTestCase.checkDatabaseUser(AbstractNektarTestCase.java:855)
	at de.bertelsmann.test.junit.AbstractNektarTestCase.setUpOnce(AbstractNektarTestCase.java:731)
	at de.bertelsmann.test.junit.AbstractNektarTestCase.setUpOnce(AbstractNektarTestCase.java:724)
	at de.bertelsmann.test.junit.AbstractNektarKafkaTestCase.setUpOnce(AbstractNektarKafkaTestCase.java:49)
	at de.bertelsmann.client.rest.kasse20.AbstractKasse20Test.setUpOnce(AbstractKasse20Test.java:76)
	at de.bertelsmann.client.rest.kasse20.tc500.AbstractJ500KasseAuthentifizierenTest.setUpOnce(AbstractJ500KasseAuthentifizierenTest.java:49)
	at de.bertelsmann.test.junit.AbstractDMDTestCase.setUp(AbstractDMDTestCase.java:136)
	at de.bertelsmann.test.junit.AbstractCdiTestCase.setUp(AbstractCdiTestCase.java:110)
	at de.bertelsmann.test.junit.AbstractNektarTestCase.setUp(AbstractNektarTestCase.java:703)
	at de.bertelsmann.test.junit.AbstractNektarKafkaTestCase.setUp(AbstractNektarKafkaTestCase.java:70)
	at de.bertelsmann.client.rest.kasse20.AbstractKasse20Test.setUp(AbstractKasse20Test.java:71)
	at de.bertelsmann.client.rest.kasse20.tc500.AbstractJ500KasseAuthentifizierenTest.setUp(AbstractJ500KasseAuthentifizierenTest.java:42)
	at sun.reflect.NativeMethodAccessorImpl.invoke0(Native Method)
	at sun.reflect.NativeMethodAccessorImpl.invoke(NativeMethodAccessorImpl.java:62)
	at sun.reflect.DelegatingMethodAccessorImpl.invoke(DelegatingMethodAccessorImpl.java:43)
	at java.lang.reflect.Method.invoke(Method.java:498)
	at org.junit.runners.model.FrameworkMethod$1.runReflectiveCall(FrameworkMethod.java:59)
	at org.junit.internal.runners.model.ReflectiveCallable.run(ReflectiveCallable.java:12)
	at org.junit.runners.model.FrameworkMethod.invokeExplosively(FrameworkMethod.java:56)
	at org.junit.internal.runners.statements.RunBefores.invokeMethod(RunBefores.java:33)
	at org.junit.internal.runners.statements.RunBefores.evaluate(RunBefores.java:24)
	at org.junit.internal.runners.statements.RunAfters.evaluate(RunAfters.java:27)
	at org.junit.runners.ParentRunner$3.evaluate(ParentRunner.java:306)
	at org.junit.runners.BlockJUnit4ClassRunner$1.evaluate(BlockJUnit4ClassRunner.java:100)
	at org.junit.runners.ParentRunner.runLeaf(ParentRunner.java:366)
	at org.junit.runners.BlockJUnit4ClassRunner.runChild(BlockJUnit4ClassRunner.java:103)
	at org.junit.runners.BlockJUnit4ClassRunner.runChild(BlockJUnit4ClassRunner.java:63)
	at org.junit.runners.ParentRunner$4.run(ParentRunner.java:331)
	at org.junit.runners.ParentRunner$1.schedule(ParentRunner.java:79)
	at org.junit.runners.ParentRunner.runChildren(ParentRunner.java:329)
	at org.junit.runners.ParentRunner.access$100(ParentRunner.java:66)
	at org.junit.runners.ParentRunner$2.evaluate(ParentRunner.java:293)
	at org.junit.runners.ParentRunner.run(ParentRunner.java:413)
	at org.junit.runners.Suite.runChild(Suite.java:128)
	at org.junit.runners.Suite.runChild(Suite.java:27)
	at org.junit.runners.ParentRunner$4.run(ParentRunner.java:331)
	at org.junit.runners.ParentRunner$1.schedule(ParentRunner.java:79)
	at org.junit.runners.ParentRunner.runChildren(ParentRunner.java:329)
	at org.junit.runners.ParentRunner.access$100(ParentRunner.java:66)
	at org.junit.runners.ParentRunner$2.evaluate(ParentRunner.java:293)
	at org.junit.internal.runners.statements.RunBefores.evaluate(RunBefores.java:26)
	at org.junit.internal.runners.statements.RunAfters.evaluate(RunAfters.java:27)
	at org.junit.runners.ParentRunner$3.evaluate(ParentRunner.java:306)
	at org.junit.runners.ParentRunner.run(ParentRunner.java:413)
	at org.junit.runners.Suite.runChild(Suite.java:128)
	at org.junit.runners.Suite.runChild(Suite.java:27)
	at org.junit.runners.ParentRunner$4.run(ParentRunner.java:331)
	at org.junit.runners.ParentRunner$1.schedule(ParentRunner.java:79)
	at org.junit.runners.ParentRunner.runChildren(ParentRunner.java:329)
	at org.junit.runners.ParentRunner.access$100(ParentRunner.java:66)
	at org.junit.runners.ParentRunner$2.evaluate(ParentRunner.java:293)
	at org.junit.runners.ParentRunner$3.evaluate(ParentRunner.java:306)
	at org.junit.runners.ParentRunner.run(ParentRunner.java:413)
	at org.junit.runners.Suite.runChild(Suite.java:128)
	at org.junit.runners.Suite.runChild(Suite.java:27)
	at org.junit.runners.ParentRunner$4.run(ParentRunner.java:331)
	at org.junit.runners.ParentRunner$1.schedule(ParentRunner.java:79)
	at org.junit.runners.ParentRunner.runChildren(ParentRunner.java:329)
	at org.junit.runners.ParentRunner.access$100(ParentRunner.java:66)
	at org.junit.runners.ParentRunner$2.evaluate(ParentRunner.java:293)
	at org.junit.runners.ParentRunner$3.evaluate(ParentRunner.java:306)
	at org.junit.runners.ParentRunner.run(ParentRunner.java:413)
	at org.gradle.api.internal.tasks.testing.junit.JUnitTestClassExecutor.runTestClass(JUnitTestClassExecutor.java:110)
	at org.gradle.api.internal.tasks.testing.junit.JUnitTestClassExecutor.execute(JUnitTestClassExecutor.java:58)
	at org.gradle.api.internal.tasks.testing.junit.JUnitTestClassExecutor.execute(JUnitTestClassExecutor.java:38)
	at org.gradle.api.internal.tasks.testing.junit.AbstractJUnitTestClassProcessor.processTestClass(AbstractJUnitTestClassProcessor.java:62)
	at org.gradle.api.internal.tasks.testing.SuiteTestClassProcessor.processTestClass(SuiteTestClassProcessor.java:51)
	at sun.reflect.NativeMethodAccessorImpl.invoke0(Native Method)
	at sun.reflect.NativeMethodAccessorImpl.invoke(NativeMethodAccessorImpl.java:62)
	at sun.reflect.DelegatingMethodAccessorImpl.invoke(DelegatingMethodAccessorImpl.java:43)
	at java.lang.reflect.Method.invoke(Method.java:498)
	at org.gradle.internal.dispatch.ReflectionDispatch.dispatch(ReflectionDispatch.java:36)
	at org.gradle.internal.dispatch.ReflectionDispatch.dispatch(ReflectionDispatch.java:24)
	at org.gradle.internal.dispatch.ContextClassLoaderDispatch.dispatch(ContextClassLoaderDispatch.java:33)
	at org.gradle.internal.dispatch.ProxyDispatchAdapter$DispatchingInvocationHandler.invoke(ProxyDispatchAdapter.java:94)
	at com.sun.proxy.$Proxy2.processTestClass(Unknown Source)
	at org.gradle.api.internal.tasks.testing.worker.TestWorker$2.run(TestWorker.java:176)
	at org.gradle.api.internal.tasks.testing.worker.TestWorker.executeAndMaintainThreadName(TestWorker.java:129)
	at org.gradle.api.internal.tasks.testing.worker.TestWorker.execute(TestWorker.java:100)
	at org.gradle.api.internal.tasks.testing.worker.TestWorker.execute(TestWorker.java:60)
	at org.gradle.process.internal.worker.child.ActionExecutionWorker.execute(ActionExecutionWorker.java:56)
	at org.gradle.process.internal.worker.child.SystemApplicationClassLoaderWorker.call(SystemApplicationClassLoaderWorker.java:133)
	at org.gradle.process.internal.worker.child.SystemApplicationClassLoaderWorker.call(SystemApplicationClassLoaderWorker.java:71)
	at worker.org.gradle.process.internal.worker.GradleWorkerMain.run(GradleWorkerMain.java:69)
	at worker.org.gradle.process.internal.worker.GradleWorkerMain.main(GradleWorkerMain.java:74)
Caused by: java.sql.SQLException: Listener refused the connection with the following error:
ORA-12528, TNS:listener: all appropriate instances are blocking new connections
 
	at oracle.jdbc.driver.T4CConnection.logon(T4CConnection.java:903)
	at oracle.jdbc.driver.PhysicalConnection.connect(PhysicalConnection.java:820)
	at oracle.jdbc.driver.T4CDriverExtension.getConnection(T4CDriverExtension.java:80)
	at oracle.jdbc.driver.OracleDriver.connect(OracleDriver.java:816)
	at oracle.jdbc.driver.OracleDriver.connect(OracleDriver.java:620)
	at com.zaxxer.hikari.util.DriverDataSource.getConnection(DriverDataSource.java:138)
	at com.zaxxer.hikari.pool.PoolBase.newConnection(PoolBase.java:364)
	at com.zaxxer.hikari.pool.PoolBase.newPoolEntry(PoolBase.java:206)
	at com.zaxxer.hikari.pool.HikariPool.createPoolEntry(HikariPool.java:476)
	at com.zaxxer.hikari.pool.HikariPool.checkFailFast(HikariPool.java:561)
	... 121 more
Caused by: oracle.net.ns.NetException: Listener refused the connection with the following error:
ORA-12528, TNS:listener: all appropriate instances are blocking new connections
 
	at oracle.net.ns.NSProtocolNIO.negotiateConnection(NSProtocolNIO.java:308)
	at oracle.net.ns.NSProtocol.connect(NSProtocol.java:353)
	at oracle.jdbc.driver.T4CConnection.connect(T4CConnection.java:1702)
	at oracle.jdbc.driver.T4CConnection.logon(T4CConnection.java:627)
	... 130 more
MÃ¤r 04, 2025 6:15:53 PM org.glassfish.jersey.test.inmemory.InMemoryTestContainerFactory$InMemoryTestContainer <init>
INFORMATION: Creating InMemoryTestContainer configured at the base URI http://localhost:9998/
]]></system-err>
  </testcase>
  <testcase name="testLoginSuccess[Filiale (mit Passwort) + POS-Passwort]" classname="de.bertelsmann.client.rest.kasse20.tc500.J500_TestLoginSuccess" time="0.053">
    <system-out><![CDATA[resource not found: OutletQuery.properties
resource not found: PartnerEntity.properties
]]></system-out>
  </testcase>
  <testcase name="testLoginSuccess[Filiale (ohne Passwort) + IR-Passwort]" classname="de.bertelsmann.client.rest.kasse20.tc500.J500_TestLoginSuccess" time="0.039"/>
  <testcase name="testLoginSuccess[keine Filiale + IR-Passwort, cachebasiert]" classname="de.bertelsmann.client.rest.kasse20.tc500.J500_TestLoginSuccess" time="0.06"/>
  <testcase name="testLoginSuccess[Filiale (mit Passwort) + POS-Passwort, cachebasiert]" classname="de.bertelsmann.client.rest.kasse20.tc500.J500_TestLoginSuccess" time="0.049"/>
  <testcase name="testLoginSuccess[Filiale (ohne Passwort) + IR-Passwort, cachebasiert]" classname="de.bertelsmann.client.rest.kasse20.tc500.J500_TestLoginSuccess" time="0.04"/>
  <system-out><![CDATA[]]></system-out>
  <system-err><![CDATA[]]></system-err>
</testsuite>
