<?xml version="1.0" encoding="UTF-8"?>
<testsuite name="de.bertelsmann.client.rest.kasse20.tc517.J517_OnlineKulanzpunkteResubmit" tests="3" skipped="0" failures="0" errors="0" timestamp="2025-03-05T11:45:16" hostname="EISMANN" time="1.21">
  <properties/>
  <testcase name="testAufrufMitDublettenpruefung_DubletteVorhanden" classname="de.bertelsmann.client.rest.kasse20.tc517.J517_OnlineKulanzpunkteResubmit" time="1.144">
    <system-out><![CDATA[initializing... (initContext)class de.bertelsmann.client.rest.kasse20.tc517.J517_OnlineKulanzpunkteResubmit
initializing... (SetupOnce)class de.bertelsmann.client.rest.kasse20.tc517.J517_OnlineKulanzpunkteResubmit
initializing... (initContext)class de.bertelsmann.client.rest.kasse20.tc517.J517_OnlineKulanzpunkteResubmit
]]></system-out>
    <system-err><![CDATA[Mär 05, 2025 12:45:17 PM org.glassfish.jersey.test.inmemory.InMemoryTestContainerFactory$InMemoryTestContainer <init>
INFORMATION: Creating InMemoryTestContainer configured at the base URI http://localhost:9998/
]]></system-err>
  </testcase>
  <testcase name="testAufrufMitDublettenpruefung_keineDubletteVorhanden" classname="de.bertelsmann.client.rest.kasse20.tc517.J517_OnlineKulanzpunkteResubmit" time="0.027"/>
  <testcase name="testAufrufMitDublettenpruefung_UneindeutigeAntworten" classname="de.bertelsmann.client.rest.kasse20.tc517.J517_OnlineKulanzpunkteResubmit" time="0.039"/>
  <system-out><![CDATA[]]></system-out>
  <system-err><![CDATA[]]></system-err>
</testsuite>
