<?xml version="1.0" encoding="UTF-8"?>
<testsuite name="de.bertelsmann.client.rest.kasse20.tc515.J515_TransaktionsstatusAbfragen" tests="7" skipped="0" failures="0" errors="0" timestamp="2025-03-04T17:17:05" hostname="EISMANN" time="2.913">
  <properties/>
  <testcase name="testUngueltigesRequest_keinPartner" classname="de.bertelsmann.client.rest.kasse20.tc515.J515_TransaktionsstatusAbfragen" time="2.644">
    <system-out><![CDATA[initializing... (initContext)class de.bertelsmann.client.rest.kasse20.tc515.J515_TransaktionsstatusAbfragen
initializing... (SetupOnce)class de.bertelsmann.client.rest.kasse20.tc515.J515_TransaktionsstatusAbfragen
initializing... (initContext)class de.bertelsmann.client.rest.kasse20.tc515.J515_TransaktionsstatusAbfragen
]]></system-out>
    <system-err><![CDATA[Mär 04, 2025 6:17:08 PM org.glassfish.jersey.test.inmemory.InMemoryTestContainerFactory$InMemoryTestContainer <init>
INFORMATION: Creating InMemoryTestContainer configured at the base URI http://localhost:9998/
]]></system-err>
  </testcase>
  <testcase name="testRequestPasstNichtZuLogin" classname="de.bertelsmann.client.rest.kasse20.tc515.J515_TransaktionsstatusAbfragen" time="0.037"/>
  <testcase name="testUngueltigesRequest_keineVorgangsnummern_leer" classname="de.bertelsmann.client.rest.kasse20.tc515.J515_TransaktionsstatusAbfragen" time="0.032"/>
  <testcase name="testUngueltigesRequest_keineVorgangsnummern_null" classname="de.bertelsmann.client.rest.kasse20.tc515.J515_TransaktionsstatusAbfragen" time="0.031"/>
  <testcase name="testErfolgreicherAufruf" classname="de.bertelsmann.client.rest.kasse20.tc515.J515_TransaktionsstatusAbfragen" time="0.105"/>
  <testcase name="testUngueltigesRequest_keineVorgangsnummern_zuViele" classname="de.bertelsmann.client.rest.kasse20.tc515.J515_TransaktionsstatusAbfragen" time="0.031"/>
  <testcase name="testUngueltigerAuthToken" classname="de.bertelsmann.client.rest.kasse20.tc515.J515_TransaktionsstatusAbfragen" time="0.033">
    <system-out><![CDATA[ERROR #1741108628589
ERROR #1741108628591
ERROR #1741108628592
ERROR #1741108628592
]]></system-out>
  </testcase>
  <system-out><![CDATA[]]></system-out>
  <system-err><![CDATA[]]></system-err>
</testsuite>
