<?xml version="1.0" encoding="UTF-8"?>
<testsuite name="de.bertelsmann.client.rest.kasse20.tc502.J502_TestRedeemPointsUnterdrueckungAblehnungBeiAutorisierterInstoreRedemption" tests="2" skipped="0" failures="0" errors="0" timestamp="2025-03-04T17:16:37" hostname="EISMANN" time="2.549">
  <properties/>
  <testcase name="testUnterdrueckungDerAblhehnungWennPartnerIrAutorisierungVerwendet" classname="de.bertelsmann.client.rest.kasse20.tc502.J502_TestRedeemPointsUnterdrueckungAblehnungBeiAutorisierterInstoreRedemption" time="2.351">
    <system-out><![CDATA[initializing... (initContext)class de.bertelsmann.client.rest.kasse20.tc502.J502_TestRedeemPointsUnterdrueckungAblehnungBeiAutorisierterInstoreRedemption
initializing... (SetupOnce)class de.bertelsmann.client.rest.kasse20.tc502.J502_TestRedeemPointsUnterdrueckungAblehnungBeiAutorisierterInstoreRedemption
initializing... (initContext)class de.bertelsmann.client.rest.kasse20.tc502.J502_TestRedeemPointsUnterdrueckungAblehnungBeiAutorisierterInstoreRedemption
]]></system-out>
    <system-err><![CDATA[Mär 04, 2025 6:16:40 PM org.glassfish.jersey.test.inmemory.InMemoryTestContainerFactory$InMemoryTestContainer <init>
INFORMATION: Creating InMemoryTestContainer configured at the base URI http://localhost:9998/
]]></system-err>
  </testcase>
  <testcase name="testKeineUnterdrueckungDerAblhehnungWennPartnerIrAutorisierungVerwendet" classname="de.bertelsmann.client.rest.kasse20.tc502.J502_TestRedeemPointsUnterdrueckungAblehnungBeiAutorisierterInstoreRedemption" time="0.198"/>
  <system-out><![CDATA[]]></system-out>
  <system-err><![CDATA[]]></system-err>
</testsuite>
