<?xml version="1.0" encoding="UTF-8"?>
<testsuite name="de.bertelsmann.client.rest.kasse20.tc508.J508_OnlineRecallVerarbeiten" tests="4" skipped="0" failures="0" errors="0" timestamp="2025-03-05T11:45:30" hostname="EISMANN" time="1.364">
  <properties/>
  <testcase name="testRecallInvalidRequest" classname="de.bertelsmann.client.rest.kasse20.tc508.J508_OnlineRecallVerarbeiten" time="1.292">
    <system-out><![CDATA[initializing... (initContext)class de.bertelsmann.client.rest.kasse20.tc508.J508_OnlineRecallVerarbeiten
initializing... (SetupOnce)class de.bertelsmann.client.rest.kasse20.tc508.J508_OnlineRecallVerarbeiten
initializing... (initContext)class de.bertelsmann.client.rest.kasse20.tc508.J508_OnlineRecallVerarbeiten
]]></system-out>
    <system-err><![CDATA[Mär 05, 2025 12:45:31 PM org.glassfish.jersey.test.inmemory.InMemoryTestContainerFactory$InMemoryTestContainer <init>
INFORMATION: Creating InMemoryTestContainer configured at the base URI http://localhost:9998/
]]></system-err>
  </testcase>
  <testcase name="testRecallSuccess" classname="de.bertelsmann.client.rest.kasse20.tc508.J508_OnlineRecallVerarbeiten" time="0.023"/>
  <testcase name="testRecallError" classname="de.bertelsmann.client.rest.kasse20.tc508.J508_OnlineRecallVerarbeiten" time="0.027"/>
  <testcase name="testInvalidToken" classname="de.bertelsmann.client.rest.kasse20.tc508.J508_OnlineRecallVerarbeiten" time="0.022">
    <system-out><![CDATA[ERROR #1741175131415
ERROR #1741175131415
ERROR #1741175131416
ERROR #1741175131416
]]></system-out>
  </testcase>
  <system-out><![CDATA[]]></system-out>
  <system-err><![CDATA[]]></system-err>
</testsuite>
