<?xml version="1.0" encoding="UTF-8"?>
<testsuite name="de.bertelsmann.client.rest.kasse20.tc504.J504_TestPointBalance_teilnehmerschaftNichtAktiv" tests="1" skipped="0" failures="0" errors="0" timestamp="2025-03-05T11:44:59" hostname="EISMANN" time="1.452">
  <properties/>
  <testcase name="testTeilnehmerschaftNichtAktiv" classname="de.bertelsmann.client.rest.kasse20.tc504.J504_TestPointBalance_teilnehmerschaftNichtAktiv" time="1.452">
    <system-out><![CDATA[initializing... (initContext)class de.bertelsmann.client.rest.kasse20.tc504.J504_TestPointBalance_teilnehmerschaftNichtAktiv
initializing... (SetupOnce)class de.bertelsmann.client.rest.kasse20.tc504.J504_TestPointBalance_teilnehmerschaftNichtAktiv
initializing... (initContext)class de.bertelsmann.client.rest.kasse20.tc504.J504_TestPointBalance_teilnehmerschaftNichtAktiv
]]></system-out>
    <system-err><![CDATA[Mär 05, 2025 12:45:00 PM org.glassfish.jersey.test.inmemory.InMemoryTestContainerFactory$InMemoryTestContainer <init>
INFORMATION: Creating InMemoryTestContainer configured at the base URI http://localhost:9998/
]]></system-err>
  </testcase>
  <system-out><![CDATA[]]></system-out>
  <system-err><![CDATA[]]></system-err>
</testsuite>
