<?xml version="1.0" encoding="UTF-8"?>
<testsuite name="de.bertelsmann.client.rest.kasse20.tc507.J507_OnlineKassentransaktionMitRueckabwicklungVerarbeiten" tests="6" skipped="0" failures="0" errors="0" timestamp="2025-03-05T11:45:27" hostname="EISMANN" time="1.702">
  <properties/>
  <testcase name="testPurchaseInvalidRequestPromotion" classname="de.bertelsmann.client.rest.kasse20.tc507.J507_OnlineKassentransaktionMitRueckabwicklungVerarbeiten" time="1.206">
    <system-out><![CDATA[initializing... (initContext)class de.bertelsmann.client.rest.kasse20.tc507.J507_OnlineKassentransaktionMitRueckabwicklungVerarbeiten
initializing... (SetupOnce)class de.bertelsmann.client.rest.kasse20.tc507.J507_OnlineKassentransaktionMitRueckabwicklungVerarbeiten
initializing... (initContext)class de.bertelsmann.client.rest.kasse20.tc507.J507_OnlineKassentransaktionMitRueckabwicklungVerarbeiten
]]></system-out>
    <system-err><![CDATA[Mär 05, 2025 12:45:28 PM org.glassfish.jersey.test.inmemory.InMemoryTestContainerFactory$InMemoryTestContainer <init>
INFORMATION: Creating InMemoryTestContainer configured at the base URI http://localhost:9998/
]]></system-err>
  </testcase>
  <testcase name="testPurchaseWithReturnsSuccess" classname="de.bertelsmann.client.rest.kasse20.tc507.J507_OnlineKassentransaktionMitRueckabwicklungVerarbeiten" time="0.025"/>
  <testcase name="testPurchaseError" classname="de.bertelsmann.client.rest.kasse20.tc507.J507_OnlineKassentransaktionMitRueckabwicklungVerarbeiten" time="0.032"/>
  <testcase name="testInvalidToken" classname="de.bertelsmann.client.rest.kasse20.tc507.J507_OnlineKassentransaktionMitRueckabwicklungVerarbeiten" time="0.024">
    <system-out><![CDATA[ERROR #1741175128366
ERROR #1741175128367
ERROR #1741175128367
ERROR #1741175128368
]]></system-out>
  </testcase>
  <testcase name="testPurchaseInvalidRequest" classname="de.bertelsmann.client.rest.kasse20.tc507.J507_OnlineKassentransaktionMitRueckabwicklungVerarbeiten" time="0.286"/>
  <testcase name="testPurchaseInvalidRequestArticle" classname="de.bertelsmann.client.rest.kasse20.tc507.J507_OnlineKassentransaktionMitRueckabwicklungVerarbeiten" time="0.129"/>
  <system-out><![CDATA[]]></system-out>
  <system-err><![CDATA[]]></system-err>
</testsuite>
