<?xml version="1.0" encoding="UTF-8"?>
<testsuite name="de.bertelsmann.client.rest.kasse20.tc530.J530_TrxImportIsAliveTest" tests="4" skipped="0" failures="0" errors="0" timestamp="2025-03-05T11:46:09" hostname="EISMANN" time="1.406">
  <properties/>
  <testcase name="testKassenWebServiceIsAlive_DBFehler" classname="de.bertelsmann.client.rest.kasse20.tc530.J530_TrxImportIsAliveTest" time="1.223">
    <system-out><![CDATA[initializing... (initContext)class de.bertelsmann.client.rest.kasse20.tc530.J530_TrxImportIsAliveTest
initializing... (SetupOnce)class de.bertelsmann.client.rest.kasse20.tc530.J530_TrxImportIsAliveTest
initializing... (initContext)class de.bertelsmann.client.rest.kasse20.tc530.J530_TrxImportIsAliveTest
]]></system-out>
    <system-err><![CDATA[Mär 05, 2025 12:46:10 PM org.glassfish.jersey.test.inmemory.InMemoryTestContainerFactory$InMemoryTestContainer <init>
INFORMATION: Creating InMemoryTestContainer configured at the base URI http://localhost:9998/
]]></system-err>
  </testcase>
  <testcase name="testKassenWebServiceIsAlive_trxImportGestoppt" classname="de.bertelsmann.client.rest.kasse20.tc530.J530_TrxImportIsAliveTest" time="0.028"/>
  <testcase name="testKassenWebServiceIsAlive_KafkaGestoppt" classname="de.bertelsmann.client.rest.kasse20.tc530.J530_TrxImportIsAliveTest" time="0.031"/>
  <testcase name="testKassenWebServiceIsAlive" classname="de.bertelsmann.client.rest.kasse20.tc530.J530_TrxImportIsAliveTest" time="0.123"/>
  <system-out><![CDATA[]]></system-out>
  <system-err><![CDATA[]]></system-err>
</testsuite>
