<?xml version="1.0" encoding="UTF-8"?>
<testsuite name="de.bertelsmann.client.rest.kasse20.tc502.J502_TestRedeemPointsNetto" tests="4" skipped="0" failures="0" errors="0" timestamp="2025-03-04T17:16:35" hostname="EISMANN" time="2.838">
  <properties/>
  <testcase name="testNettoAusserhalbErlaubtemRadius" classname="de.bertelsmann.client.rest.kasse20.tc502.J502_TestRedeemPointsNetto" time="2.257">
    <system-out><![CDATA[initializing... (initContext)class de.bertelsmann.client.rest.kasse20.tc502.J502_TestRedeemPointsNetto
initializing... (SetupOnce)class de.bertelsmann.client.rest.kasse20.tc502.J502_TestRedeemPointsNetto
initializing... (initContext)class de.bertelsmann.client.rest.kasse20.tc502.J502_TestRedeemPointsNetto
]]></system-out>
    <system-err><![CDATA[Mär 04, 2025 6:16:37 PM org.glassfish.jersey.test.inmemory.InMemoryTestContainerFactory$InMemoryTestContainer <init>
INFORMATION: Creating InMemoryTestContainer configured at the base URI http://localhost:9998/
]]></system-err>
  </testcase>
  <testcase name="testNettoHighposInnerhalbErlaubtemRadius" classname="de.bertelsmann.client.rest.kasse20.tc502.J502_TestRedeemPointsNetto" time="0.187"/>
  <testcase name="testNettoHighposAusserhalbErlaubtemRadius" classname="de.bertelsmann.client.rest.kasse20.tc502.J502_TestRedeemPointsNetto" time="0.182"/>
  <testcase name="testNettoInnerhalbErlaubtemRadius" classname="de.bertelsmann.client.rest.kasse20.tc502.J502_TestRedeemPointsNetto" time="0.212"/>
  <system-out><![CDATA[]]></system-out>
  <system-err><![CDATA[]]></system-err>
</testsuite>
