<?xml version="1.0" encoding="UTF-8"?>
<testsuite name="de.bertelsmann.client.rest.kasse20.tc520.J520_OnlineKaufvormerkungVerarbeiten" tests="4" skipped="0" failures="0" errors="0" timestamp="2025-03-05T11:45:20" hostname="EISMANN" time="1.518">
  <properties/>
  <testcase name="testAnnouncePurchasesError" classname="de.bertelsmann.client.rest.kasse20.tc520.J520_OnlineKaufvormerkungVerarbeiten" time="1.38">
    <system-out><![CDATA[initializing... (initContext)class de.bertelsmann.client.rest.kasse20.tc520.J520_OnlineKaufvormerkungVerarbeiten
initializing... (SetupOnce)class de.bertelsmann.client.rest.kasse20.tc520.J520_OnlineKaufvormerkungVerarbeiten
initializing... (initContext)class de.bertelsmann.client.rest.kasse20.tc520.J520_OnlineKaufvormerkungVerarbeiten
]]></system-out>
    <system-err><![CDATA[Mär 05, 2025 12:45:21 PM org.glassfish.jersey.test.inmemory.InMemoryTestContainerFactory$InMemoryTestContainer <init>
INFORMATION: Creating InMemoryTestContainer configured at the base URI http://localhost:9998/
]]></system-err>
  </testcase>
  <testcase name="testAnnouncePurchaseInvalidRequest" classname="de.bertelsmann.client.rest.kasse20.tc520.J520_OnlineKaufvormerkungVerarbeiten" time="0.083"/>
  <testcase name="testInvalidToken" classname="de.bertelsmann.client.rest.kasse20.tc520.J520_OnlineKaufvormerkungVerarbeiten" time="0.026">
    <system-out><![CDATA[ERROR #1741175121745
ERROR #1741175121746
ERROR #1741175121747
ERROR #1741175121747
]]></system-out>
  </testcase>
  <testcase name="testAnnouncePurchasesSuccess" classname="de.bertelsmann.client.rest.kasse20.tc520.J520_OnlineKaufvormerkungVerarbeiten" time="0.029"/>
  <system-out><![CDATA[]]></system-out>
  <system-err><![CDATA[]]></system-err>
</testsuite>
