<?xml version="1.0" encoding="UTF-8"?>
<testsuite name="de.bertelsmann.client.rest.kasse20.tc508.J508_OnlineRecallResubmitVerarbeiten" tests="3" skipped="0" failures="0" errors="0" timestamp="2025-03-05T11:45:31" hostname="EISMANN" time="1.274">
  <properties/>
  <testcase name="testAufrufMitDublettenpruefung_DubletteVorhanden" classname="de.bertelsmann.client.rest.kasse20.tc508.J508_OnlineRecallResubmitVerarbeiten" time="1.193">
    <system-out><![CDATA[initializing... (initContext)class de.bertelsmann.client.rest.kasse20.tc508.J508_OnlineRecallResubmitVerarbeiten
initializing... (SetupOnce)class de.bertelsmann.client.rest.kasse20.tc508.J508_OnlineRecallResubmitVerarbeiten
initializing... (initContext)class de.bertelsmann.client.rest.kasse20.tc508.J508_OnlineRecallResubmitVerarbeiten
]]></system-out>
    <system-err><![CDATA[Mär 05, 2025 12:45:32 PM org.glassfish.jersey.test.inmemory.InMemoryTestContainerFactory$InMemoryTestContainer <init>
INFORMATION: Creating InMemoryTestContainer configured at the base URI http://localhost:9998/
]]></system-err>
  </testcase>
  <testcase name="testAufrufMitDublettenpruefung_keineDubletteVorhanden" classname="de.bertelsmann.client.rest.kasse20.tc508.J508_OnlineRecallResubmitVerarbeiten" time="0.035"/>
  <testcase name="testAufrufMitDublettenpruefung_UneindeutigeAntworten" classname="de.bertelsmann.client.rest.kasse20.tc508.J508_OnlineRecallResubmitVerarbeiten" time="0.046"/>
  <system-out><![CDATA[]]></system-out>
  <system-err><![CDATA[]]></system-err>
</testsuite>
