<?xml version="1.0" encoding="UTF-8"?>
<testsuite name="de.bertelsmann.client.rest.kasse20.tc505.J505_TRXimportServer_VerzeichnisseHinzufuegen" tests="1" skipped="0" failures="0" errors="0" timestamp="2025-03-05T11:45:08" hostname="EISMANN" time="1.199">
  <properties/>
  <testcase name="testVerzeichnisseHinzufuegen" classname="de.bertelsmann.client.rest.kasse20.tc505.J505_TRXimportServer_VerzeichnisseHinzufuegen" time="1.199">
    <system-out><![CDATA[initializing... (initContext)class de.bertelsmann.client.rest.kasse20.tc505.J505_TRXimportServer_VerzeichnisseHinzufuegen
initializing... (SetupOnce)class de.bertelsmann.client.rest.kasse20.tc505.J505_TRXimportServer_VerzeichnisseHinzufuegen
initializing... (initContext)class de.bertelsmann.client.rest.kasse20.tc505.J505_TRXimportServer_VerzeichnisseHinzufuegen
]]></system-out>
    <system-err><![CDATA[Mär 05, 2025 12:45:09 PM org.glassfish.jersey.test.inmemory.InMemoryTestContainerFactory$InMemoryTestContainer <init>
INFORMATION: Creating InMemoryTestContainer configured at the base URI http://localhost:9998/
]]></system-err>
  </testcase>
  <system-out><![CDATA[]]></system-out>
  <system-err><![CDATA[]]></system-err>
</testsuite>
