<?xml version="1.0" encoding="UTF-8"?>
<testsuite name="de.bertelsmann.client.rest.kasse20.tc502.J502_TestRedeemPointsTeilnehmerIrSperreVorherigeInstoreRedemption" tests="5" skipped="0" failures="0" errors="0" timestamp="2025-03-05T11:44:42" hostname="EISMANN" time="2.698">
  <properties/>
  <testcase name="testTuerZu4EinloesungMitGesetzterSperrePartnerLehntNichtAb" classname="de.bertelsmann.client.rest.kasse20.tc502.J502_TestRedeemPointsTeilnehmerIrSperreVorherigeInstoreRedemption" time="2.02">
    <system-out><![CDATA[initializing... (initContext)class de.bertelsmann.client.rest.kasse20.tc502.J502_TestRedeemPointsTeilnehmerIrSperreVorherigeInstoreRedemption
initializing... (SetupOnce)class de.bertelsmann.client.rest.kasse20.tc502.J502_TestRedeemPointsTeilnehmerIrSperreVorherigeInstoreRedemption
initializing... (initContext)class de.bertelsmann.client.rest.kasse20.tc502.J502_TestRedeemPointsTeilnehmerIrSperreVorherigeInstoreRedemption
]]></system-out>
    <system-err><![CDATA[Mär 05, 2025 12:44:44 PM org.glassfish.jersey.test.inmemory.InMemoryTestContainerFactory$InMemoryTestContainer <init>
INFORMATION: Creating InMemoryTestContainer configured at the base URI http://localhost:9998/
]]></system-err>
  </testcase>
  <testcase name="testTuerZu4EinloesungMitGesetzterSperre" classname="de.bertelsmann.client.rest.kasse20.tc502.J502_TestRedeemPointsTeilnehmerIrSperreVorherigeInstoreRedemption" time="0.181"/>
  <testcase name="testTuerZu4EinloesungMitGesetzterSperreImHighPos" classname="de.bertelsmann.client.rest.kasse20.tc502.J502_TestRedeemPointsTeilnehmerIrSperreVorherigeInstoreRedemption" time="0.161"/>
  <testcase name="testTuerZu4EinloesungMitAndererSperre" classname="de.bertelsmann.client.rest.kasse20.tc502.J502_TestRedeemPointsTeilnehmerIrSperreVorherigeInstoreRedemption" time="0.166"/>
  <testcase name="testTuerZu4EinloesungMitAbgelaufenerSperre" classname="de.bertelsmann.client.rest.kasse20.tc502.J502_TestRedeemPointsTeilnehmerIrSperreVorherigeInstoreRedemption" time="0.17"/>
  <system-out><![CDATA[]]></system-out>
  <system-err><![CDATA[]]></system-err>
</testsuite>
