<?xml version="1.0" encoding="UTF-8"?>
<testsuite name="de.bertelsmann.client.rest.kasse20.tc518.J518_OnlineKaufunabhaengigePromotionResubmitVerarbeiten" tests="3" skipped="0" failures="0" errors="0" timestamp="2025-03-04T17:17:14" hostname="EISMANN" time="1.753">
  <properties/>
  <testcase name="testAufrufMitDublettenpruefung_DubletteVorhanden" classname="de.bertelsmann.client.rest.kasse20.tc518.J518_OnlineKaufunabhaengigePromotionResubmitVerarbeiten" time="1.635">
    <system-out><![CDATA[initializing... (initContext)class de.bertelsmann.client.rest.kasse20.tc518.J518_OnlineKaufunabhaengigePromotionResubmitVerarbeiten
initializing... (SetupOnce)class de.bertelsmann.client.rest.kasse20.tc518.J518_OnlineKaufunabhaengigePromotionResubmitVerarbeiten
initializing... (initContext)class de.bertelsmann.client.rest.kasse20.tc518.J518_OnlineKaufunabhaengigePromotionResubmitVerarbeiten
]]></system-out>
    <system-err><![CDATA[Mär 04, 2025 6:17:15 PM org.glassfish.jersey.test.inmemory.InMemoryTestContainerFactory$InMemoryTestContainer <init>
INFORMATION: Creating InMemoryTestContainer configured at the base URI http://localhost:9998/
]]></system-err>
  </testcase>
  <testcase name="testAufrufMitDublettenpruefung_keineDubletteVorhanden" classname="de.bertelsmann.client.rest.kasse20.tc518.J518_OnlineKaufunabhaengigePromotionResubmitVerarbeiten" time="0.057"/>
  <testcase name="testAufrufMitDublettenpruefung_UneindeutigeAntworten" classname="de.bertelsmann.client.rest.kasse20.tc518.J518_OnlineKaufunabhaengigePromotionResubmitVerarbeiten" time="0.061"/>
  <system-out><![CDATA[]]></system-out>
  <system-err><![CDATA[]]></system-err>
</testsuite>
