<?xml version="1.0" encoding="UTF-8"?>
<testsuite name="de.bertelsmann.client.rest.kasse20.tc507.J507_OnlineKassentransaktionMitRueckabwicklungVerarbeiten" tests="6" skipped="0" failures="0" errors="0" timestamp="2025-03-04T17:17:25" hostname="EISMANN" time="2.258">
  <properties/>
  <testcase name="testPurchaseInvalidRequestPromotion" classname="de.bertelsmann.client.rest.kasse20.tc507.J507_OnlineKassentransaktionMitRueckabwicklungVerarbeiten" time="1.549">
    <system-out><![CDATA[initializing... (initContext)class de.bertelsmann.client.rest.kasse20.tc507.J507_OnlineKassentransaktionMitRueckabwicklungVerarbeiten
initializing... (SetupOnce)class de.bertelsmann.client.rest.kasse20.tc507.J507_OnlineKassentransaktionMitRueckabwicklungVerarbeiten
initializing... (initContext)class de.bertelsmann.client.rest.kasse20.tc507.J507_OnlineKassentransaktionMitRueckabwicklungVerarbeiten
]]></system-out>
    <system-err><![CDATA[Mär 04, 2025 6:17:26 PM org.glassfish.jersey.test.inmemory.InMemoryTestContainerFactory$InMemoryTestContainer <init>
INFORMATION: Creating InMemoryTestContainer configured at the base URI http://localhost:9998/
]]></system-err>
  </testcase>
  <testcase name="testPurchaseWithReturnsSuccess" classname="de.bertelsmann.client.rest.kasse20.tc507.J507_OnlineKassentransaktionMitRueckabwicklungVerarbeiten" time="0.035"/>
  <testcase name="testPurchaseError" classname="de.bertelsmann.client.rest.kasse20.tc507.J507_OnlineKassentransaktionMitRueckabwicklungVerarbeiten" time="0.035"/>
  <testcase name="testInvalidToken" classname="de.bertelsmann.client.rest.kasse20.tc507.J507_OnlineKassentransaktionMitRueckabwicklungVerarbeiten" time="0.031">
    <system-out><![CDATA[ERROR #1741108646872
ERROR #1741108646874
ERROR #1741108646874
ERROR #1741108646875
]]></system-out>
  </testcase>
  <testcase name="testPurchaseInvalidRequest" classname="de.bertelsmann.client.rest.kasse20.tc507.J507_OnlineKassentransaktionMitRueckabwicklungVerarbeiten" time="0.393"/>
  <testcase name="testPurchaseInvalidRequestArticle" classname="de.bertelsmann.client.rest.kasse20.tc507.J507_OnlineKassentransaktionMitRueckabwicklungVerarbeiten" time="0.214"/>
  <system-out><![CDATA[]]></system-out>
  <system-err><![CDATA[]]></system-err>
</testsuite>
