<?xml version="1.0" encoding="UTF-8"?>
<testsuite name="de.bertelsmann.client.rest.kasse20.tc507.J507_OnlineKassentransaktionMitRueckabwicklungResubmitVerarbeiten" tests="3" skipped="0" failures="0" errors="0" timestamp="2025-03-04T17:17:27" hostname="EISMANN" time="1.61">
  <properties/>
  <testcase name="testAufrufMitDublettenpruefung_DubletteVorhanden" classname="de.bertelsmann.client.rest.kasse20.tc507.J507_OnlineKassentransaktionMitRueckabwicklungResubmitVerarbeiten" time="1.507">
    <system-out><![CDATA[initializing... (initContext)class de.bertelsmann.client.rest.kasse20.tc507.J507_OnlineKassentransaktionMitRueckabwicklungResubmitVerarbeiten
initializing... (SetupOnce)class de.bertelsmann.client.rest.kasse20.tc507.J507_OnlineKassentransaktionMitRueckabwicklungResubmitVerarbeiten
initializing... (initContext)class de.bertelsmann.client.rest.kasse20.tc507.J507_OnlineKassentransaktionMitRueckabwicklungResubmitVerarbeiten
]]></system-out>
    <system-err><![CDATA[Mär 04, 2025 6:17:28 PM org.glassfish.jersey.test.inmemory.InMemoryTestContainerFactory$InMemoryTestContainer <init>
INFORMATION: Creating InMemoryTestContainer configured at the base URI http://localhost:9998/
]]></system-err>
  </testcase>
  <testcase name="testAufrufMitDublettenpruefung_keineDubletteVorhanden" classname="de.bertelsmann.client.rest.kasse20.tc507.J507_OnlineKassentransaktionMitRueckabwicklungResubmitVerarbeiten" time="0.036"/>
  <testcase name="testAufrufMitDublettenpruefung_UneindeutigeAntworten" classname="de.bertelsmann.client.rest.kasse20.tc507.J507_OnlineKassentransaktionMitRueckabwicklungResubmitVerarbeiten" time="0.066"/>
  <system-out><![CDATA[]]></system-out>
  <system-err><![CDATA[]]></system-err>
</testsuite>
