<?xml version="1.0" encoding="UTF-8"?>
<testsuite name="de.bertelsmann.client.rest.kasse20.tc530.J530_KassenFassadeExternIsAlive" tests="4" skipped="0" failures="0" errors="0" timestamp="2025-03-05T11:46:04" hostname="EISMANN" time="2.75">
  <properties/>
  <testcase name="testKassenWebServiceIsAlive" classname="de.bertelsmann.client.rest.kasse20.tc530.J530_KassenFassadeExternIsAlive" time="1.134">
    <system-out><![CDATA[initializing... (initContext)class de.bertelsmann.client.rest.kasse20.tc530.J530_KassenFassadeExternIsAlive
initializing... (SetupOnce)class de.bertelsmann.client.rest.kasse20.tc530.J530_KassenFassadeExternIsAlive
initializing... (initContext)class de.bertelsmann.client.rest.kasse20.tc530.J530_KassenFassadeExternIsAlive
]]></system-out>
    <system-err><![CDATA[Mär 05, 2025 12:46:05 PM org.glassfish.jersey.test.inmemory.InMemoryTestContainerFactory$InMemoryTestContainer <init>
INFORMATION: Creating InMemoryTestContainer configured at the base URI http://localhost:9998/
]]></system-err>
  </testcase>
  <testcase name="testKassenWebServiceIsAliveTanCacheLeer" classname="de.bertelsmann.client.rest.kasse20.tc530.J530_KassenFassadeExternIsAlive" time="0.49">
    <system-out><![CDATA[ERROR #1741175166450
]]></system-out>
  </testcase>
  <testcase name="testKassenWebServiceIsAliveDBFehler" classname="de.bertelsmann.client.rest.kasse20.tc530.J530_KassenFassadeExternIsAlive" time="0.559"/>
  <testcase name="testAufrufMitUnberechtigtemToken" classname="de.bertelsmann.client.rest.kasse20.tc530.J530_KassenFassadeExternIsAlive" time="0.567"/>
  <system-out><![CDATA[]]></system-out>
  <system-err><![CDATA[]]></system-err>
</testsuite>
