<?xml version="1.0" encoding="UTF-8"?>
<testsuite name="de.bertelsmann.client.rest.kasse20.tc515.J515_TransaktionsstatusAbfragen" tests="7" skipped="0" failures="0" errors="0" timestamp="2025-03-05T11:45:12" hostname="EISMANN" time="2.309">
  <properties/>
  <testcase name="testUngueltigesRequest_keinPartner" classname="de.bertelsmann.client.rest.kasse20.tc515.J515_TransaktionsstatusAbfragen" time="2.087">
    <system-out><![CDATA[initializing... (initContext)class de.bertelsmann.client.rest.kasse20.tc515.J515_TransaktionsstatusAbfragen
initializing... (SetupOnce)class de.bertelsmann.client.rest.kasse20.tc515.J515_TransaktionsstatusAbfragen
initializing... (initContext)class de.bertelsmann.client.rest.kasse20.tc515.J515_TransaktionsstatusAbfragen
]]></system-out>
    <system-err><![CDATA[Mär 05, 2025 12:45:14 PM org.glassfish.jersey.test.inmemory.InMemoryTestContainerFactory$InMemoryTestContainer <init>
INFORMATION: Creating InMemoryTestContainer configured at the base URI http://localhost:9998/
]]></system-err>
  </testcase>
  <testcase name="testRequestPasstNichtZuLogin" classname="de.bertelsmann.client.rest.kasse20.tc515.J515_TransaktionsstatusAbfragen" time="0.027"/>
  <testcase name="testUngueltigesRequest_keineVorgangsnummern_leer" classname="de.bertelsmann.client.rest.kasse20.tc515.J515_TransaktionsstatusAbfragen" time="0.028"/>
  <testcase name="testUngueltigesRequest_keineVorgangsnummern_null" classname="de.bertelsmann.client.rest.kasse20.tc515.J515_TransaktionsstatusAbfragen" time="0.026"/>
  <testcase name="testErfolgreicherAufruf" classname="de.bertelsmann.client.rest.kasse20.tc515.J515_TransaktionsstatusAbfragen" time="0.088"/>
  <testcase name="testUngueltigesRequest_keineVorgangsnummern_zuViele" classname="de.bertelsmann.client.rest.kasse20.tc515.J515_TransaktionsstatusAbfragen" time="0.025"/>
  <testcase name="testUngueltigerAuthToken" classname="de.bertelsmann.client.rest.kasse20.tc515.J515_TransaktionsstatusAbfragen" time="0.028">
    <system-out><![CDATA[ERROR #1741175114812
ERROR #1741175114813
ERROR #1741175114814
ERROR #1741175114814
]]></system-out>
  </testcase>
  <system-out><![CDATA[]]></system-out>
  <system-err><![CDATA[]]></system-err>
</testsuite>
